#-----------------------------------------------------------
# Vivado v2019.2 (64-bit)
# SW Build 2708876 on Wed Nov  6 21:40:23 MST 2019
# IP Build 2700528 on Thu Nov  7 00:09:20 MST 2019
# Start of session at: Sat Nov 13 17:56:39 2021
# Process ID: 13632
# Current directory: C:/vivado/ALU
# Command line: vivado.exe -gui_launcher_event rodinguilauncherevent9336 C:\vivado\ALU\ALU.xpr
# Log file: C:/vivado/ALU/vivado.log
# Journal file: C:/vivado/ALU\vivado.jou
#-----------------------------------------------------------
start_gui
open_project C:/vivado/ALU/ALU.xpr
Scanning sources...
Finished scanning sources
INFO: [IP_Flow 19-234] Refreshing IP repositories
INFO: [IP_Flow 19-1704] No user IP repositories specified
INFO: [IP_Flow 19-2313] Loaded Vivado IP repository 'C:/Xilinx/Vivado/2019.2/data/ip'.
open_project: Time (s): cpu = 00:00:16 ; elapsed = 00:00:06 . Memory (MB): peak = 729.914 ; gain = 96.578
update_compile_order -fileset sources_1
reset_run synth_1
launch_runs synth_1 -jobs 4
[Sat Nov 13 18:01:09 2021] Launched synth_1...
Run output will be captured here: C:/vivado/ALU/ALU.runs/synth_1/runme.log
launch_runs impl_1 -jobs 4
[Sat Nov 13 18:02:03 2021] Launched impl_1...
Run output will be captured here: C:/vivado/ALU/ALU.runs/impl_1/runme.log
launch_runs impl_1 -to_step write_bitstream -jobs 4
[Sat Nov 13 18:04:03 2021] Launched impl_1...
Run output will be captured here: C:/vivado/ALU/ALU.runs/impl_1/runme.log
exit
INFO: [Common 17-206] Exiting Vivado at Sat Nov 13 18:07:23 2021...
