#-----------------------------------------------------------
# Vivado v2019.2 (64-bit)
# SW Build 2708876 on Wed Nov  6 21:40:23 MST 2019
# IP Build 2700528 on Thu Nov  7 00:09:20 MST 2019
# Start of session at: Fri Dec  3 21:39:01 2021
# Process ID: 21880
# Current directory: C:/vivado/ALU
# Command line: vivado.exe -gui_launcher_event rodinguilauncherevent19704 C:\vivado\ALU\ALU.xpr
# Log file: C:/vivado/ALU/vivado.log
# Journal file: C:/vivado/ALU\vivado.jou
#-----------------------------------------------------------
start_gui
open_project C:/vivado/ALU/ALU.xpr
Scanning sources...
Finished scanning sources
INFO: [IP_Flow 19-234] Refreshing IP repositories
INFO: [IP_Flow 19-1704] No user IP repositories specified
INFO: [IP_Flow 19-2313] Loaded Vivado IP repository 'C:/Xilinx/Vivado/2019.2/data/ip'.
open_project: Time (s): cpu = 00:00:20 ; elapsed = 00:00:08 . Memory (MB): peak = 703.246 ; gain = 97.051
update_compile_order -fileset sources_1
exit
INFO: [Common 17-206] Exiting Vivado at Fri Dec  3 22:37:25 2021...
